<?xml version="1.0" encoding="UTF-8"?>
<!-- Generated by org.testng.reporters.JUnitReportReporter -->
<testsuite hostname="TORA-ADMIN" failures="0" tests="1" name="srinu01.labelindentfunctinality" time="168.767" errors="0" timestamp="2024-02-22T15:59:27 IST" skipped="0">
  <testcase classname="srinu01.labelindentfunctinality" name="allTESTS" time="168.767"/>
  <system-out/>
</testsuite> <!-- srinu01.labelindentfunctinality -->
