<?xml version="1.0" encoding="UTF-8"?>
<!-- Generated by org.testng.reporters.JUnitReportReporter -->
<testsuite hostname="TORA-ADMIN" failures="0" tests="1" name="srinu01.addticket" time="86.872" errors="0" timestamp="2024-02-29T15:07:26 IST" skipped="0">
  <testcase classname="srinu01.addticket" name="addticket01" time="86.872"/>
  <system-out/>
</testsuite> <!-- srinu01.addticket -->
