<?xml version="1.0" encoding="UTF-8"?>
<!-- Generated by org.testng.reporters.JUnitReportReporter -->
<testsuite hostname="TORA-ADMIN" failures="0" tests="1" name="Bharatgas.minimizewindowo" time="28.342" errors="0" timestamp="2024-04-16T15:21:21 IST" skipped="0">
  <testcase classname="Bharatgas.minimizewindowo" name="minimizewindow01" time="28.342"/>
  <system-out/>
</testsuite> <!-- Bharatgas.minimizewindowo -->
