<?xml version="1.0" encoding="UTF-8"?>
<!-- Generated by org.testng.reporters.JUnitReportReporter -->
<testsuite hostname="TORA-ADMIN" failures="0" tests="1" name="srinu01.login2" time="21.158" errors="0" timestamp="2024-02-28T17:31:14 IST" skipped="0">
  <testcase classname="srinu01.login2" name="login02" time="21.158"/>
  <system-out/>
</testsuite> <!-- srinu01.login2 -->
