<?xml version="1.0" encoding="UTF-8"?>
<!-- Generated by org.testng.reporters.JUnitReportReporter -->
<testsuite hostname="TORA-ADMIN" failures="0" tests="1" name="srinu01.QRgenerator" time="22.639" errors="0" timestamp="2024-03-05T18:17:24 IST" skipped="0">
  <testcase classname="srinu01.QRgenerator" name="qr" time="22.639"/>
  <system-out/>
</testsuite> <!-- srinu01.QRgenerator -->
