<?xml version="1.0" encoding="UTF-8"?>
<!-- Generated by org.testng.reporters.JUnitReportReporter -->
<testsuite hostname="TORA-ADMIN" failures="0" tests="1" name="Bharatgas.blogin" time="9.632" errors="0" timestamp="2024-04-16T15:05:07 IST" skipped="0">
  <testcase classname="Bharatgas.blogin" name="base22" time="9.632"/>
  <system-out/>
</testsuite> <!-- Bharatgas.blogin -->
