<?xml version="1.0" encoding="UTF-8"?>
<!-- Generated by org.testng.reporters.JUnitReportReporter -->
<testsuite hostname="TORA-ADMIN" failures="0" tests="1" name="srinu01.addnewproduct" time="85.965" errors="0" timestamp="2024-02-23T13:22:17 IST" skipped="0">
  <testcase classname="srinu01.addnewproduct" name="addnewproduct01" time="85.965"/>
  <system-out/>
</testsuite> <!-- srinu01.addnewproduct -->
