<?xml version="1.0" encoding="UTF-8"?>
<!-- Generated by org.testng.reporters.JUnitReportReporter -->
<testsuite hostname="TORA-ADMIN" failures="0" tests="2" name="srinu01.addcouponindent" time="100.905" errors="0" timestamp="2024-02-27T15:13:18 IST" skipped="0">
  <testcase classname="srinu01.addcouponindent" name="bottling" time="64.072"/>
  <system-out/>
  <testcase classname="srinu01.addcouponindent" name="ctel" time="36.833"/>
  <system-out/>
</testsuite> <!-- srinu01.addcouponindent -->
