<?xml version="1.0" encoding="UTF-8"?>
<!-- Generated by org.testng.reporters.JUnitReportReporter -->
<testsuite hostname="TORA-ADMIN" failures="0" tests="1" name="BPCLTC.tc03" time="42.716" errors="0" timestamp="2024-06-17T12:23:40 IST" skipped="0">
  <testcase classname="BPCLTC.tc03" name="tc04" time="42.716"/>
  <system-out/>
</testsuite> <!-- BPCLTC.tc03 -->
