<?xml version="1.0" encoding="UTF-8"?>
<!-- Generated by org.testng.reporters.JUnitReportReporter -->
<testsuite hostname="TORA-ADMIN" failures="0" tests="1" name="srinu01.couponfunctionality" time="293.548" errors="0" timestamp="2024-02-27T17:16:06 IST" skipped="0">
  <testcase classname="srinu01.couponfunctionality" name="coupon" time="293.548"/>
  <system-out/>
</testsuite> <!-- srinu01.couponfunctionality -->
