<?xml version="1.0" encoding="UTF-8"?>
<!-- Generated by org.testng.reporters.JUnitReportReporter -->
<testsuite hostname="TORA-ADMIN" failures="0" tests="1" name="srinu01.bharatgas" time="26.109" errors="0" timestamp="2024-02-29T18:05:56 IST" skipped="0">
  <testcase classname="srinu01.bharatgas" name="bharatgas1" time="26.109"/>
  <system-out/>
</testsuite> <!-- srinu01.bharatgas -->
