<?xml version="1.0" encoding="UTF-8"?>
<!-- Generated by org.testng.reporters.JUnitReportReporter -->
<testsuite hostname="TORA-ADMIN" failures="0" tests="1" name="Bharatgas.addlocation" time="128.504" errors="0" timestamp="2024-03-18T16:53:30 IST" skipped="0">
  <testcase classname="Bharatgas.addlocation" name="base2" time="128.504"/>
  <system-out/>
</testsuite> <!-- Bharatgas.addlocation -->
