<?xml version="1.0" encoding="UTF-8"?>
<!-- Generated by org.testng.reporters.JUnitReportReporter -->
<testsuite hostname="TORA-ADMIN" failures="0" tests="1" name="srinu01.addlabelindent" time="73.677" errors="0" timestamp="2024-02-22T11:43:24 IST" skipped="0">
  <testcase classname="srinu01.addlabelindent" name="addlabelindent01" time="73.677"/>
  <system-out/>
</testsuite> <!-- srinu01.addlabelindent -->
