<?xml version="1.0" encoding="UTF-8"?>
<!-- Generated by org.testng.reporters.JUnitReportReporter -->
<testsuite hostname="TORA-ADMIN" failures="0" tests="1" name="BPCLTC.tc02" time="40.753" errors="0" timestamp="2024-06-18T18:26:45 IST" skipped="0">
  <testcase classname="BPCLTC.tc02" name="tc" time="40.753"/>
  <system-out/>
</testsuite> <!-- BPCLTC.tc02 -->
