<?xml version="1.0" encoding="UTF-8"?>
<!-- Generated by org.testng.reporters.JUnitReportReporter -->
<testsuite hostname="TORA-ADMIN" failures="0" tests="1" name="srinu01.labelrereceiving" time="47.746" errors="0" timestamp="2024-02-22T15:18:37 IST" skipped="0">
  <testcase classname="srinu01.labelrereceiving" name="labelrereceiving01" time="47.746"/>
  <system-out/>
</testsuite> <!-- srinu01.labelrereceiving -->
