<?xml version="1.0" encoding="UTF-8"?>
<!-- Generated by org.testng.reporters.JUnitReportReporter -->
<testsuite hostname="DESKTOP-TOPJGBT" failures="0" tests="1" name="testscripts.LoginTest" time="0.039" errors="0" timestamp="31 Aug 2023 04:57:31 GMT" skipped="0">
  <testcase classname="testscripts.LoginTest" name="news" time="0.039"/>
</testsuite> <!-- testscripts.LoginTest -->
