<?xml version="1.0" encoding="UTF-8"?>
<!-- Generated by org.testng.reporters.JUnitReportReporter -->
<testsuite hostname="TORA-ADMIN" failures="0" tests="1" name="testscripts.SanityTest2" time="60.365" errors="0" timestamp="2023-11-22T16:14:08 IST" skipped="0">
  <testcase classname="testscripts.SanityTest2" name="clickAllTabs" time="60.365"/>
  <system-out/>
</testsuite> <!-- testscripts.SanityTest2 -->
