<?xml version="1.0" encoding="UTF-8"?>
<!-- Generated by org.testng.reporters.JUnitReportReporter -->
<testsuite hostname="TORA-ADMIN" failures="0" tests="1" name="testscripts.CouponData" time="29.260" errors="0" timestamp="2022-05-20T12:31:09 IST" skipped="0">
  <testcase classname="testscripts.CouponData" name="addUser" time="29.260"/>
  <system-out/>
</testsuite> <!-- testscripts.CouponData -->
