<?xml version="1.0" encoding="UTF-8"?>
<!-- Generated by org.testng.reporters.JUnitReportReporter -->
<testsuite hostname="LAPTOP-9BFQG462" failures="0" tests="1" name="testscripts.CouponAllocation" time="28.892" errors="0" timestamp="2023-12-19T11:57:00 IST" skipped="0">
  <testcase classname="testscripts.CouponAllocation" name="allocateCoupons" time="28.892"/>
  <system-out/>
</testsuite> <!-- testscripts.CouponAllocation -->
