<?xml version="1.0" encoding="UTF-8"?>
<!-- Generated by org.testng.reporters.JUnitReportReporter -->
<testsuite hostname="TORA-ADMIN" failures="0" tests="1" name="testscripts.SignInTest" time="11.170" errors="0" timestamp="2022-09-06T12:52:40 IST" skipped="0">
  <testcase classname="testscripts.SignInTest" name="signInTest" time="11.170"/>
  <system-out/>
</testsuite> <!-- testscripts.SignInTest -->
