<?xml version="1.0" encoding="UTF-8"?>
<!-- Generated by org.testng.reporters.JUnitReportReporter -->
<testsuite hostname="TORA-ADMIN" failures="0" tests="1" name="testscripts.CreateUsers" time="25.209" errors="0" timestamp="2023-10-23T15:43:18 IST" skipped="0">
  <testcase classname="testscripts.CreateUsers" name="addUser" time="25.209"/>
  <system-out/>
</testsuite> <!-- testscripts.CreateUsers -->
