<?xml version="1.0" encoding="UTF-8"?>
<!-- Generated by org.testng.reporters.JUnitReportReporter -->
<testsuite hostname="LAPTOP-9BFQG462" failures="0" tests="1" name="testscripts.SanityTest3" time="342.321" errors="0" timestamp="2023-12-16T12:32:32 IST" skipped="0">
  <testcase classname="testscripts.SanityTest3" name="clickAllTabs" time="342.321"/>
  <system-out/>
</testsuite> <!-- testscripts.SanityTest3 -->
