<?xml version="1.0" encoding="UTF-8"?>
<!-- Generated by org.testng.reporters.JUnitReportReporter -->
<testsuite hostname="TORA-ADMIN" failures="0" tests="1" name="testscripts.AddUser" time="4.073" errors="0" timestamp="2021-11-24T15:47:42 IST" skipped="0">
  <testcase classname="testscripts.AddUser" name="addUserTest" time="4.073"/>
  <system-out/>
</testsuite> <!-- testscripts.AddUser -->
