<?xml version="1.0" encoding="UTF-8"?>
<!-- Generated by org.testng.reporters.JUnitReportReporter -->
<testsuite hostname="TORA-ADMIN" failures="0" tests="1" name="testscripts.AddUserExcelTest" time="5.804" errors="0" timestamp="2022-02-07T18:27:22 IST" skipped="0">
  <testcase classname="testscripts.AddUserExcelTest" name="addUserTest" time="5.804"/>
  <system-out/>
</testsuite> <!-- testscripts.AddUserExcelTest -->
