<?xml version="1.0" encoding="UTF-8"?>
<!-- Generated by org.testng.reporters.JUnitReportReporter -->
<testsuite hostname="TORA-ADMIN" failures="0" tests="1" name="testscripts.SanityTest3" time="326.413" errors="0" timestamp="2024-08-19T14:58:30 IST" skipped="0">
  <testcase classname="testscripts.SanityTest3" name="clickAllTabs" time="326.413"/>
  <system-out/>
</testsuite> <!-- testscripts.SanityTest3 -->
