<?xml version="1.0" encoding="UTF-8"?>
<!-- Generated by org.testng.reporters.JUnitReportReporter -->
<testsuite hostname="TORA-ADMIN" failures="0" tests="1" name="testscripts.SCRA" time="21.729" errors="0" timestamp="2022-05-31T15:38:46 IST" skipped="0">
  <testcase classname="testscripts.SCRA" name="addUser" time="21.729"/>
  <system-out/>
</testsuite> <!-- testscripts.SCRA -->
